[ 50%] [32mBuilding CXX object CMakeFiles/arm_controller_node.dir/src/arm_controller_node.cpp.o[0m
[01m[K/home/ryanl/4231/MTRN4231_Project/src/arm_controller/src/arm_controller_node.cpp:202:36:[m[K [01;31m[Kerror: [m[Kredeclaration of â€˜[01m[Kstd::shared_ptr<tf2_ros::Buffer> ArmController::tf_buffer_[m[Kâ€™
  202 |   std::shared_ptr<tf2_ros::Buffer> [01;31m[Ktf_buffer_[m[K;
      |                                    [01;31m[K^~~~~~~~~~[m[K
[01m[K/home/ryanl/4231/MTRN4231_Project/src/arm_controller/src/arm_controller_node.cpp:200:19:[m[K [01;36m[Knote: [m[Kprevious declaration â€˜[01m[Ktf2_ros::Buffer ArmController::tf_buffer_[m[Kâ€™
  200 |   tf2_ros::Buffer [01;36m[Ktf_buffer_[m[K;
      |                   [01;36m[K^~~~~~~~~~[m[K
[01m[K/home/ryanl/4231/MTRN4231_Project/src/arm_controller/src/arm_controller_node.cpp:203:47:[m[K [01;31m[Kerror: [m[Kredeclaration of â€˜[01m[Kstd::shared_ptr<tf2_ros::TransformListener> ArmController::tf_listener_[m[Kâ€™
  203 |   std::shared_ptr<tf2_ros::TransformListener> [01;31m[Ktf_listener_[m[K;
      |                                               [01;31m[K^~~~~~~~~~~~[m[K
[01m[K/home/ryanl/4231/MTRN4231_Project/src/arm_controller/src/arm_controller_node.cpp:201:30:[m[K [01;36m[Knote: [m[Kprevious declaration â€˜[01m[Ktf2_ros::TransformListener ArmController::tf_listener_[m[Kâ€™
  201 |   tf2_ros::TransformListener [01;36m[Ktf_listener_[m[K;
      |                              [01;36m[K^~~~~~~~~~~~[m[K
gmake[2]: *** [CMakeFiles/arm_controller_node.dir/build.make:76: CMakeFiles/arm_controller_node.dir/src/arm_controller_node.cpp.o] Error 1
gmake[1]: *** [CMakeFiles/Makefile2:137: CMakeFiles/arm_controller_node.dir/all] Error 2
gmake: *** [Makefile:146: all] Error 2
