[0.222s] Invoking command in '/home/ryanl/4231/MTRN4231_Project/build/arm_controller': CMAKE_PREFIX_PATH=/home/ryanl/4231/MTRN4231_Project/install/custom_interfaces:/home/ryanl/4231/MTRN4231_Project/install/ur5e_robot_config:/home/ryanl/4231/MTRN4231_Project/install/end_effector_description:/home/ryanl/4231/MTRN4231_Project/install/arm_controller:/opt/ros/humble /usr/bin/cmake --build /home/ryanl/4231/MTRN4231_Project/build/arm_controller -- -j16 -l16
[0.373s] [ 50%] [32mBuilding CXX object CMakeFiles/arm_controller_node.dir/src/arm_controller_node.cpp.o[0m
[10.934s] [01m[K/home/ryanl/4231/MTRN4231_Project/src/arm_controller/src/arm_controller_node.cpp:202:36:[m[K [01;31m[Kerror: [m[Kredeclaration of â€˜[01m[Kstd::shared_ptr<tf2_ros::Buffer> ArmController::tf_buffer_[m[Kâ€™
[10.934s]   202 |   std::shared_ptr<tf2_ros::Buffer> [01;31m[Ktf_buffer_[m[K;
[10.935s]       |                                    [01;31m[K^~~~~~~~~~[m[K
[10.935s] [01m[K/home/ryanl/4231/MTRN4231_Project/src/arm_controller/src/arm_controller_node.cpp:200:19:[m[K [01;36m[Knote: [m[Kprevious declaration â€˜[01m[Ktf2_ros::Buffer ArmController::tf_buffer_[m[Kâ€™
[10.935s]   200 |   tf2_ros::Buffer [01;36m[Ktf_buffer_[m[K;
[10.935s]       |                   [01;36m[K^~~~~~~~~~[m[K
[10.938s] [01m[K/home/ryanl/4231/MTRN4231_Project/src/arm_controller/src/arm_controller_node.cpp:203:47:[m[K [01;31m[Kerror: [m[Kredeclaration of â€˜[01m[Kstd::shared_ptr<tf2_ros::TransformListener> ArmController::tf_listener_[m[Kâ€™
[10.938s]   203 |   std::shared_ptr<tf2_ros::TransformListener> [01;31m[Ktf_listener_[m[K;
[10.938s]       |                                               [01;31m[K^~~~~~~~~~~~[m[K
[10.938s] [01m[K/home/ryanl/4231/MTRN4231_Project/src/arm_controller/src/arm_controller_node.cpp:201:30:[m[K [01;36m[Knote: [m[Kprevious declaration â€˜[01m[Ktf2_ros::TransformListener ArmController::tf_listener_[m[Kâ€™
[10.939s]   201 |   tf2_ros::TransformListener [01;36m[Ktf_listener_[m[K;
[10.939s]       |                              [01;36m[K^~~~~~~~~~~~[m[K
[16.152s] gmake[2]: *** [CMakeFiles/arm_controller_node.dir/build.make:76: CMakeFiles/arm_controller_node.dir/src/arm_controller_node.cpp.o] Error 1
[16.153s] gmake[1]: *** [CMakeFiles/Makefile2:137: CMakeFiles/arm_controller_node.dir/all] Error 2
[16.153s] gmake: *** [Makefile:146: all] Error 2
[16.159s] Invoked command in '/home/ryanl/4231/MTRN4231_Project/build/arm_controller' returned '2': CMAKE_PREFIX_PATH=/home/ryanl/4231/MTRN4231_Project/install/custom_interfaces:/home/ryanl/4231/MTRN4231_Project/install/ur5e_robot_config:/home/ryanl/4231/MTRN4231_Project/install/end_effector_description:/home/ryanl/4231/MTRN4231_Project/install/arm_controller:/opt/ros/humble /usr/bin/cmake --build /home/ryanl/4231/MTRN4231_Project/build/arm_controller -- -j16 -l16
