[01m[K/home/ryanl/4231/MTRN4231_Project/src/chess_arm_executor/src/arm_controller_node.cpp:[m[K In member function â€˜[01m[Kvoid ChessArmExecutor::tryInitMoveGroup()[m[Kâ€™:
[01m[K/home/ryanl/4231/MTRN4231_Project/src/chess_arm_executor/src/arm_controller_node.cpp:38:10:[m[K [01;31m[Kerror: [m[Kâ€˜[01m[Kmove_group_params_client_[m[Kâ€™ was not declared in this scope
   38 |     if (![01;31m[Kmove_group_params_client_[m[K) {
      |          [01;31m[K^~~~~~~~~~~~~~~~~~~~~~~~~[m[K
[01m[K/home/ryanl/4231/MTRN4231_Project/src/chess_arm_executor/src/arm_controller_node.cpp:43:10:[m[K [01;31m[Kerror: [m[Kâ€˜[01m[Kmove_group_params_client_[m[Kâ€™ was not declared in this scope
   43 |     if (![01;31m[Kmove_group_params_client_[m[K->service_is_ready()) {
      |          [01;31m[K^~~~~~~~~~~~~~~~~~~~~~~~~[m[K
[01m[K/home/ryanl/4231/MTRN4231_Project/src/chess_arm_executor/src/arm_controller_node.cpp:57:5:[m[K [01;31m[Kerror: [m[Kâ€˜[01m[Kmove_group_params_client_[m[Kâ€™ was not declared in this scope
   57 |     [01;31m[Kmove_group_params_client_[m[K->async_send_request(
      |     [01;31m[K^~~~~~~~~~~~~~~~~~~~~~~~~[m[K
gmake[2]: *** [CMakeFiles/arm_controller_node.dir/build.make:76: CMakeFiles/arm_controller_node.dir/src/arm_controller_node.cpp.o] Error 1
gmake[1]: *** [CMakeFiles/Makefile2:593: CMakeFiles/arm_controller_node.dir/all] Error 2
gmake: *** [Makefile:146: all] Error 2
