[  6%] Built target chess_arm_executor__cpp
[ 12%] Built target chess_arm_executor__rosidl_generator_c
[ 12%] Built target ament_cmake_python_symlink_chess_arm_executor
[ 21%] Built target chess_arm_executor__rosidl_typesupport_introspection_c
[ 30%] Built target chess_arm_executor__rosidl_typesupport_c
[ 48%] Built target chess_arm_executor__rosidl_typesupport_cpp
[ 48%] Built target chess_arm_executor__rosidl_typesupport_fastrtps_cpp
[ 57%] Built target chess_arm_executor__rosidl_typesupport_introspection_cpp
[ 66%] Built target chess_arm_executor__rosidl_typesupport_fastrtps_c
[35m[1mConsolidate compiler generated dependencies of target arm_controller_node[0m
[ 66%] Built target chess_arm_executor
[ 69%] [32mBuilding CXX object CMakeFiles/arm_controller_node.dir/src/arm_controller_node.cpp.o[0m
[ 72%] Built target chess_arm_executor__py
[ 78%] Built target chess_arm_executor__rosidl_generator_py
[ 87%] Built target chess_arm_executor__rosidl_typesupport_fastrtps_c__pyext
[ 90%] Built target chess_arm_executor__rosidl_typesupport_introspection_c__pyext
[ 96%] Built target chess_arm_executor__rosidl_typesupport_c__pyext
running egg_info
writing chess_arm_executor.egg-info/PKG-INFO
writing dependency_links to chess_arm_executor.egg-info/dependency_links.txt
writing top-level names to chess_arm_executor.egg-info/top_level.txt
reading manifest file 'chess_arm_executor.egg-info/SOURCES.txt'
writing manifest file 'chess_arm_executor.egg-info/SOURCES.txt'
[ 96%] Built target ament_cmake_python_build_chess_arm_executor_egg
[01m[K/home/ryanl/4231/MTRN4231_Project/src/chess_arm_executor/src/arm_controller_node.cpp:[m[K In member function â€˜[01m[Kvoid ChessArmExecutor::tryInitMoveGroup()[m[Kâ€™:
[01m[K/home/ryanl/4231/MTRN4231_Project/src/chess_arm_executor/src/arm_controller_node.cpp:38:10:[m[K [01;31m[Kerror: [m[Kâ€˜[01m[Kmove_group_params_client_[m[Kâ€™ was not declared in this scope
   38 |     if (![01;31m[Kmove_group_params_client_[m[K) {
      |          [01;31m[K^~~~~~~~~~~~~~~~~~~~~~~~~[m[K
[01m[K/home/ryanl/4231/MTRN4231_Project/src/chess_arm_executor/src/arm_controller_node.cpp:43:10:[m[K [01;31m[Kerror: [m[Kâ€˜[01m[Kmove_group_params_client_[m[Kâ€™ was not declared in this scope
   43 |     if (![01;31m[Kmove_group_params_client_[m[K->service_is_ready()) {
      |          [01;31m[K^~~~~~~~~~~~~~~~~~~~~~~~~[m[K
[01m[K/home/ryanl/4231/MTRN4231_Project/src/chess_arm_executor/src/arm_controller_node.cpp:57:5:[m[K [01;31m[Kerror: [m[Kâ€˜[01m[Kmove_group_params_client_[m[Kâ€™ was not declared in this scope
   57 |     [01;31m[Kmove_group_params_client_[m[K->async_send_request(
      |     [01;31m[K^~~~~~~~~~~~~~~~~~~~~~~~~[m[K
gmake[2]: *** [CMakeFiles/arm_controller_node.dir/build.make:76: CMakeFiles/arm_controller_node.dir/src/arm_controller_node.cpp.o] Error 1
gmake[1]: *** [CMakeFiles/Makefile2:593: CMakeFiles/arm_controller_node.dir/all] Error 2
gmake: *** [Makefile:146: all] Error 2
