[0.604s] Invoking command in '/home/ryanl/4231/MTRN4231_Project/build/arm_controller': CMAKE_PREFIX_PATH=/opt/ros/humble:/home/ryanl/4231/MTRN4231_Project/install/arm_interfaces:/home/ryanl/4231/MTRN4231_Project/src/ur5e_robot_config/install/ur5e_robot_config:/home/ryanl/4231/MTRN4231_Project/install/ur5e_robot_config:/home/ryanl/4231/MTRN4231_Project/install/end_effector_description:/home/ryanl/4231/MTRN4231_Project/install/arm_controller /usr/bin/cmake --build /home/ryanl/4231/MTRN4231_Project/build/arm_controller -- -j16 -l16
[0.743s] [ 50%] [32mBuilding CXX object CMakeFiles/arm_controller_node.dir/src/arm_controller_node.cpp.o[0m
[11.125s] [01m[K/home/ryanl/4231/MTRN4231_Project/src/arm_controller/src/arm_controller_node.cpp:[m[K In member function â€˜[01m[Krclcpp_action::GoalResponse ArmController::handle_goal(const GoalUUID&, std::shared_ptr<const arm_interfaces::action::PickPlace_Goal_<std::allocator<void> > >)[m[Kâ€™:
[11.125s] [01m[K/home/ryanl/4231/MTRN4231_Project/src/arm_controller/src/arm_controller_node.cpp:42:72:[m[K [01;35m[Kwarning: [m[Kunused parameter â€˜[01m[Kgoal[m[Kâ€™ [[01;35m[K]8;;https://gcc.gnu.org/onlinedocs/gcc/Warning-Options.html#index-Wunused-parameter-Wunused-parameter]8;;[m[K]
[11.125s]    42 |      [01;35m[Kstd::shared_ptr<const PickPlace::Goal> goal[m[K) {
[11.125s]       |      [01;35m[K~~~~~~~~~~~~~~~~~~~~~~~~~~~~~~~~~~~~~~~^~~~[m[K
[11.125s] 
[11.156s] [01m[K/home/ryanl/4231/MTRN4231_Project/src/arm_controller/src/arm_controller_node.cpp:[m[K In member function â€˜[01m[Kvoid ArmController::execute(std::shared_ptr<rclcpp_action::ServerGoalHandle<arm_interfaces::action::PickPlace> >)[m[Kâ€™:
[11.156s] [01m[K/home/ryanl/4231/MTRN4231_Project/src/arm_controller/src/arm_controller_node.cpp:92:38:[m[K [01;31m[Kerror: [m[Kâ€˜[01m[Kdz[m[Kâ€™ was not declared in this scope
[11.156s]    92 |     auto pick_above  = up(pick.pose, [01;31m[Kdz[m[K);
[11.156s]       |                                      [01;31m[K^~[m[K
[11.181s] [01m[K/home/ryanl/4231/MTRN4231_Project/src/arm_controller/src/arm_controller_node.cpp:107:22:[m[K [01;31m[Kerror: [m[Kâ€˜[01m[Kplace_above[m[Kâ€™ was not declared in this scope
[11.182s]   107 |     if (!linear_step([01;31m[Kplace_above[m[K, "transfer",      gh)) { fail(gh, result, "transfer");      return; }
[11.182s]       |                      [01;31m[K^~~~~~~~~~~[m[K
[11.194s] [01m[K/home/ryanl/4231/MTRN4231_Project/src/arm_controller/src/arm_controller_node.cpp:110:22:[m[K [01;31m[Kerror: [m[Kâ€˜[01m[Kplace[m[Kâ€™ was not declared in this scope
[11.194s]   110 |     if (!linear_step([01;31m[Kplace[m[K.pose,  "lower_place",   gh)) { fail(gh, result, "lower_place");   return; }
[11.194s]       |                      [01;31m[K^~~~~[m[K
[11.213s] [01m[K/home/ryanl/4231/MTRN4231_Project/src/arm_controller/src/arm_controller_node.cpp:117:22:[m[K [01;31m[Kerror: [m[Kâ€˜[01m[Kplace_above[m[Kâ€™ was not declared in this scope
[11.213s]   117 |     if (!linear_step([01;31m[Kplace_above[m[K, "retreat",       gh)) { fail(gh, result, "retreat");       return; }
[11.213s]       |                      [01;31m[K^~~~~~~~~~~[m[K
[16.599s] gmake[2]: *** [CMakeFiles/arm_controller_node.dir/build.make:76: CMakeFiles/arm_controller_node.dir/src/arm_controller_node.cpp.o] Error 1
[16.600s] gmake[1]: *** [CMakeFiles/Makefile2:137: CMakeFiles/arm_controller_node.dir/all] Error 2
[16.600s] gmake: *** [Makefile:146: all] Error 2
[16.607s] Invoked command in '/home/ryanl/4231/MTRN4231_Project/build/arm_controller' returned '2': CMAKE_PREFIX_PATH=/opt/ros/humble:/home/ryanl/4231/MTRN4231_Project/install/arm_interfaces:/home/ryanl/4231/MTRN4231_Project/src/ur5e_robot_config/install/ur5e_robot_config:/home/ryanl/4231/MTRN4231_Project/install/ur5e_robot_config:/home/ryanl/4231/MTRN4231_Project/install/end_effector_description:/home/ryanl/4231/MTRN4231_Project/install/arm_controller /usr/bin/cmake --build /home/ryanl/4231/MTRN4231_Project/build/arm_controller -- -j16 -l16
