[ 75%] Built target moveit_constrain_ur
[ 75%] [32mBuilding CXX object CMakeFiles/arm_controller_node.dir/src/arm_controller_node.cpp.o[0m
[01m[K/home/ryanl/4231/MTRN4231_Project/src/arm_controller/src/arm_controller_node.cpp:[m[K In member function â€˜[01m[Kvoid ArmController::prep_planning()[m[Kâ€™:
[01m[K/home/ryanl/4231/MTRN4231_Project/src/arm_controller/src/arm_controller_node.cpp:301:18:[m[K [01;31m[Kerror: [m[Kâ€˜[01m[Kusing element_type = class moveit::planning_interface::MoveGroupInterface[m[Kâ€™ {aka â€˜[01m[Kclass moveit::planning_interface::MoveGroupInterface[m[Kâ€™} has no member named â€˜[01m[KsetStartStateToCurrent[m[Kâ€™; did you mean â€˜[01m[KsetStartStateToCurrentState[m[Kâ€™?
  301 |     move_group_->[01;31m[KsetStartStateToCurrent[m[K();
      |                  [01;31m[K^~~~~~~~~~~~~~~~~~~~~~[m[K
      |                  [32m[KsetStartStateToCurrentState[m[K
gmake[2]: *** [CMakeFiles/arm_controller_node.dir/build.make:76: CMakeFiles/arm_controller_node.dir/src/arm_controller_node.cpp.o] Error 1
gmake[1]: *** [CMakeFiles/Makefile2:139: CMakeFiles/arm_controller_node.dir/all] Error 2
gmake: *** [Makefile:146: all] Error 2
